2021-05-24 01:39:40.475  WARN 50485 --- [restartedMain] aWebConfiguration$JpaWebMvcConfiguration : spring.jpa.open-in-view is enabled by default. Therefore, database queries may be performed during view rendering. Explicitly configure spring.jpa.open-in-view to disable this warning
2021-05-24 01:39:40.556  INFO 50485 --- [restartedMain] o.s.s.web.DefaultSecurityFilterChain     : Creating filter chain: any request, [org.springframework.security.web.context.request.async.WebAsyncManagerIntegrationFilter@3899c21f, org.springframework.security.web.context.SecurityContextPersistenceFilter@79d4d6bb, org.springframework.security.web.header.HeaderWriterFilter@15bb6bce, org.springframework.web.filter.CorsFilter@6d61dceb, org.springframework.security.web.authentication.logout.LogoutFilter@1d03c35e, tn.esprit.spring.Security.jwt.AuthTokenFilter@50b52548, org.springframework.security.web.authentication.UsernamePasswordAuthenticationFilter@2eb139cf, org.springframework.security.web.savedrequest.RequestCacheAwareFilter@740011c9, org.springframework.security.web.servletapi.SecurityContextHolderAwareRequestFilter@53a5922e, org.springframework.security.web.authentication.AnonymousAuthenticationFilter@4820d8de, org.springframework.security.web.session.SessionManagementFilter@71026c64, org.springframework.security.web.access.ExceptionTranslationFilter@52ba270c, org.springframework.security.web.access.intercept.FilterSecurityInterceptor@5da570b3]
2021-05-24 01:39:40.658  INFO 50485 --- [restartedMain] o.s.s.concurrent.ThreadPoolTaskExecutor  : Initializing ExecutorService 'applicationTaskExecutor'
2021-05-24 01:39:40.738  INFO 50485 --- [restartedMain] o.s.s.c.ThreadPoolTaskScheduler          : Initializing ExecutorService 'taskScheduler'
2021-05-24 01:39:40.823  INFO 50485 --- [restartedMain] o.s.b.w.embedded.tomcat.TomcatWebServer  : Tomcat started on port(s): 8084 (http) with context path ''
2021-05-24 01:39:40.825  INFO 50485 --- [restartedMain] tn.esprit.spring.PiDevApplication        : Started PiDevApplication in 5.833 seconds (JVM running for 6.897)
2021-05-24 01:39:45.624  INFO 50485 --- [http-nio-8084-exec-1] o.a.c.c.C.[Tomcat].[localhost].[/]       : Initializing Spring DispatcherServlet 'dispatcherServlet'
2021-05-24 01:39:45.625  INFO 50485 --- [http-nio-8084-exec-1] o.s.web.servlet.DispatcherServlet        : Initializing Servlet 'dispatcherServlet'
2021-05-24 01:39:45.635  INFO 50485 --- [http-nio-8084-exec-1] o.s.web.servlet.DispatcherServlet        : Completed initialization in 10 ms
2021-05-24 01:39:45.659  INFO 50485 --- [http-nio-8084-exec-1] unknown.jul.logger                       : Loaded [1] org.ocpsoft.rewrite.spi.GlobalParameterProvider [org.ocpsoft.rewrite.instance.WildcardParameterProvider<0>]
2021-05-24 01:39:45.990  INFO 50485 --- [http-nio-8084-exec-1] j.f.component._ExternalSpecifications    : MyFaces Bean Validation support enabled
2021-05-24 01:39:46.060  WARN 50485 --- [http-nio-8084-exec-1] o.a.m.r.html.HtmlStylesheetRenderer      : Resource referenced by resourceName plugins/fontawesome-free-5.0.1/cssfontawesome-all.css and libraryName acceuil not found in call to ResourceHandler.createResource. It will be silenty ignored.
2021-05-24 01:39:46.199  INFO 50485 --- [http-nio-8084-exec-1] o.a.c.c.C.[Tomcat].[localhost].[/]       : No state saving method defined, assuming default server state saving
2021-05-24 01:39:47.753 ERROR 50485 --- [http-nio-8084-exec-9] o.a.c.c.C.[.[.[/].[facesServlet]         : Servlet.service() for servlet [facesServlet] threw exception

java.lang.NullPointerException: null
	at tn.esprit.spring.controller.FavoriLouerController.loadData(FavoriLouerController.java:42) ~[classes/:na]
	at tn.esprit.spring.controller.FavoriLouerController$$FastClassBySpringCGLIB$$1d0ed540.invoke(<generated>) ~[classes/:na]
	at org.springframework.cglib.proxy.MethodProxy.invoke(MethodProxy.java:218) ~[spring-core-5.1.6.RELEASE.jar:5.1.6.RELEASE]
	at org.springframework.aop.framework.CglibAopProxy$DynamicAdvisedInterceptor.intercept(CglibAopProxy.java:684) ~[spring-aop-5.1.6.RELEASE.jar:5.1.6.RELEASE]
	at tn.esprit.spring.controller.FavoriLouerController$$EnhancerBySpringCGLIB$$f40b7640.loadData(<generated>) ~[classes/:na]
	at sun.reflect.NativeMethodAccessorImpl.invoke0(Native Method) ~[na:1.8.0_291]
	at sun.reflect.NativeMethodAccessorImpl.invoke(NativeMethodAccessorImpl.java:62) ~[na:1.8.0_291]
	at sun.reflect.DelegatingMethodAccessorImpl.invoke(DelegatingMethodAccessorImpl.java:43) ~[na:1.8.0_291]
	at java.lang.reflect.Method.invoke(Method.java:498) ~[na:1.8.0_291]
	at org.apache.el.parser.AstValue.invoke(AstValue.java:247) ~[tomcat-embed-el-9.0.17.jar:9.0.17]
	at org.apache.el.MethodExpressionImpl.invoke(MethodExpressionImpl.java:267) ~[tomcat-embed-el-9.0.17.jar:9.0.17]
	at org.ocpsoft.rewrite.faces.FacesExpressionLanguageProvider.evaluateMethodExpression(FacesExpressionLanguageProvider.java:116) ~[rewrite-integration-faces-3.4.1.Final.jar:3.4.1.Final]
	at org.ocpsoft.rewrite.faces.FacesExpressionLanguageProvider.evaluateMethodExpression(FacesExpressionLanguageProvider.java:104) ~[rewrite-integration-faces-3.4.1.Final.jar:3.4.1.Final]
	at org.ocpsoft.rewrite.el.El$ElMethod$1.call(El.java:215) ~[rewrite-servlet-3.4.1.Final.jar:3.4.1.Final]
	at org.ocpsoft.rewrite.el.El.executeProviderCallable(El.java:171) ~[rewrite-servlet-3.4.1.Final.jar:3.4.1.Final]
	at org.ocpsoft.rewrite.el.El.access$100(El.java:40) ~[rewrite-servlet-3.4.1.Final.jar:3.4.1.Final]
	at org.ocpsoft.rewrite.el.El$ElMethod.retrieve(El.java:210) ~[rewrite-servlet-3.4.1.Final.jar:3.4.1.Final]
	at org.ocpsoft.rewrite.config.Invoke.perform(Invoke.java:52) ~[rewrite-servlet-3.4.1.Final.jar:3.4.1.Final]
	at org.ocpsoft.rewrite.faces.annotation.config.IgnorePostbackOperation.perform(IgnorePostbackOperation.java:56) ~[rewrite-integration-faces-3.4.1.Final.jar:3.4.1.Final]
	at org.ocpsoft.rewrite.faces.config.PhaseOperation$1.performOperation(PhaseOperation.java:80) ~[rewrite-integration-faces-3.4.1.Final.jar:3.4.1.Final]
	at org.ocpsoft.rewrite.faces.RewritePhaseListener$1.performInSubflow(RewritePhaseListener.java:134) ~[rewrite-integration-faces-3.4.1.Final.jar:3.4.1.Final]
	at org.ocpsoft.rewrite.servlet.event.SubflowTask.perform(SubflowTask.java:61) ~[rewrite-servlet-3.4.1.Final.jar:3.4.1.Final]
	at org.ocpsoft.rewrite.faces.RewritePhaseListener.handlePhaseOperation(RewritePhaseListener.java:127) ~[rewrite-integration-faces-3.4.1.Final.jar:3.4.1.Final]
	at org.ocpsoft.rewrite.faces.RewritePhaseListener.handleAfterPhaseOperations(RewritePhaseListener.java:110) ~[rewrite-integration-faces-3.4.1.Final.jar:3.4.1.Final]
	at org.ocpsoft.rewrite.faces.RewritePhaseListener.afterPhase(RewritePhaseListener.java:64) ~[rewrite-integration-faces-3.4.1.Final.jar:3.4.1.Final]
	at org.apache.myfaces.lifecycle.PhaseListenerManager.informPhaseListenersAfter(PhaseListenerManager.java:117) ~[myfaces-impl-2.2.12.jar:2.2.12]
	at org.apache.myfaces.lifecycle.LifecycleImpl.executePhase(LifecycleImpl.java:211) ~[myfaces-impl-2.2.12.jar:2.2.12]
	at org.apache.myfaces.lifecycle.LifecycleImpl.execute(LifecycleImpl.java:143) ~[myfaces-impl-2.2.12.jar:2.2.12]
	at javax.faces.webapp.FacesServlet.service(FacesServlet.java:198) ~[myfaces-api-2.2.12.jar:2.2.12]
	at org.apache.catalina.core.ApplicationFilterChain.internalDoFilter(ApplicationFilterChain.java:231) [tomcat-embed-core-9.0.17.jar:9.0.17]
	at org.apache.catalina.core.ApplicationFilterChain.doFilter(ApplicationFilterChain.java:166) [tomcat-embed-core-9.0.17.jar:9.0.17]
	at org.apache.tomcat.websocket.server.WsFilter.doFilter(WsFilter.java:53) ~[tomcat-embed-websocket-9.0.17.jar:9.0.17]
	at org.apache.catalina.core.ApplicationFilterChain.internalDoFilter(ApplicationFilterChain.java:193) [tomcat-embed-core-9.0.17.jar:9.0.17]
	at org.apache.catalina.core.ApplicationFilterChain.doFilter(ApplicationFilterChain.java:166) [tomcat-embed-core-9.0.17.jar:9.0.17]
	at org.ocpsoft.rewrite.servlet.RewriteFilter.doFilter(RewriteFilter.java:226) [rewrite-servlet-3.4.1.Final.jar:3.4.1.Final]
	at org.apache.catalina.core.ApplicationFilterChain.internalDoFilter(ApplicationFilterChain.java:193) [tomcat-embed-core-9.0.17.jar:9.0.17]
	at org.apache.catalina.core.ApplicationFilterChain.doFilter(ApplicationFilterChain.java:166) [tomcat-embed-core-9.0.17.jar:9.0.17]
	at org.apache.catalina.core.ApplicationDispatcher.invoke(ApplicationDispatcher.java:712) [tomcat-embed-core-9.0.17.jar:9.0.17]
	at org.apache.catalina.core.ApplicationDispatcher.processRequest(ApplicationDispatcher.java:459) [tomcat-embed-core-9.0.17.jar:9.0.17]
	at org.apache.catalina.core.ApplicationDispatcher.doForward(ApplicationDispatcher.java:384) [tomcat-embed-core-9.0.17.jar:9.0.17]
	at org.apache.catalina.core.ApplicationDispatcher.forward(ApplicationDispatcher.java:312) [tomcat-embed-core-9.0.17.jar:9.0.17]
	at org.springframework.security.web.header.HeaderWriterFilter$HeaderWriterRequestDispatcher.forward(HeaderWriterFilter.java:143) [spring-security-web-5.1.5.RELEASE.jar:5.1.5.RELEASE]
	at org.ocpsoft.rewrite.servlet.impl.HttpRewriteResultHandler.handleResult(HttpRewriteResultHandler.java:42) [rewrite-servlet-3.4.1.Final.jar:3.4.1.Final]
	at org.ocpsoft.rewrite.servlet.RewriteFilter.rewrite(RewriteFilter.java:297) [rewrite-servlet-3.4.1.Final.jar:3.4.1.Final]
	at org.ocpsoft.rewrite.servlet.RewriteFilter.doFilter(RewriteFilter.java:198) [rewrite-servlet-3.4.1.Final.jar:3.4.1.Final]
	at org.apache.catalina.core.ApplicationFilterChain.internalDoFilter(ApplicationFilterChain.java:193) [tomcat-embed-core-9.0.17.jar:9.0.17]
	at org.apache.catalina.core.ApplicationFilterChain.doFilter(ApplicationFilterChain.java:166) [tomcat-embed-core-9.0.17.jar:9.0.17]
	at org.springframework.security.web.FilterChainProxy$VirtualFilterChain.doFilter(FilterChainProxy.java:320) [spring-security-web-5.1.5.RELEASE.jar:5.1.5.RELEASE]
	at org.springframework.security.web.access.intercept.FilterSecurityInterceptor.invoke(FilterSecurityInterceptor.java:127) [spring-security-web-5.1.5.RELEASE.jar:5.1.5.RELEASE]
	at org.springframework.security.web.access.intercept.FilterSecurityInterceptor.doFilter(FilterSecurityInterceptor.java:91) [spring-security-web-5.1.5.RELEASE.jar:5.1.5.RELEASE]
	at org.springframework.security.web.FilterChainProxy$VirtualFilterChain.doFilter(FilterChainProxy.java:334) [spring-security-web-5.1.5.RELEASE.jar:5.1.5.RELEASE]
	at org.springframework.security.web.access.ExceptionTranslationFilter.doFilter(ExceptionTranslationFilter.java:119) [spring-security-web-5.1.5.RELEASE.jar:5.1.5.RELEASE]
	at org.springframework.security.web.FilterChainProxy$VirtualFilterChain.doFilter(FilterChainProxy.java:334) [spring-security-web-5.1.5.RELEASE.jar:5.1.5.RELEASE]
	at org.springframework.security.web.session.SessionManagementFilter.doFilter(SessionManagementFilter.java:137) [spring-security-web-5.1.5.RELEASE.jar:5.1.5.RELEASE]
	at org.springframework.security.web.FilterChainProxy$VirtualFilterChain.doFilter(FilterChainProxy.java:334) [spring-security-web-5.1.5.RELEASE.jar:5.1.5.RELEASE]
	at org.springframework.security.web.authentication.AnonymousAuthenticationFilter.doFilter(AnonymousAuthenticationFilter.java:111) [spring-security-web-5.1.5.RELEASE.jar:5.1.5.RELEASE]
	at org.springframework.security.web.FilterChainProxy$VirtualFilterChain.doFilter(FilterChainProxy.java:334) [spring-security-web-5.1.5.RELEASE.jar:5.1.5.RELEASE]
	at org.springframework.security.web.servletapi.SecurityContextHolderAwareRequestFilter.doFilter(SecurityContextHolderAwareRequestFilter.java:170) [spring-security-web-5.1.5.RELEASE.jar:5.1.5.RELEASE]
	at org.springframework.security.web.FilterChainProxy$VirtualFilterChain.doFilter(FilterChainProxy.java:334) [spring-security-web-5.1.5.RELEASE.jar:5.1.5.RELEASE]
	at org.springframework.security.web.savedrequest.RequestCacheAwareFilter.doFilter(RequestCacheAwareFilter.java:63) [spring-security-web-5.1.5.RELEASE.jar:5.1.5.RELEASE]
	at org.springframework.security.web.FilterChainProxy$VirtualFilterChain.doFilter(FilterChainProxy.java:334) [spring-security-web-5.1.5.RELEASE.jar:5.1.5.RELEASE]
	at org.springframework.security.web.authentication.AbstractAuthenticationProcessingFilter.doFilter(AbstractAuthenticationProcessingFilter.java:200) [spring-security-web-5.1.5.RELEASE.jar:5.1.5.RELEASE]
	at org.springframework.security.web.FilterChainProxy$VirtualFilterChain.doFilter(FilterChainProxy.java:334) [spring-security-web-5.1.5.RELEASE.jar:5.1.5.RELEASE]
	at tn.esprit.spring.Security.jwt.AuthTokenFilter.doFilterInternal(AuthTokenFilter.java:51) [classes/:na]
	at org.springframework.web.filter.OncePerRequestFilter.doFilter(OncePerRequestFilter.java:107) [spring-web-5.1.6.RELEASE.jar:5.1.6.RELEASE]
	at org.springframework.security.web.FilterChainProxy$VirtualFilterChain.doFilter(FilterChainProxy.java:334) [spring-security-web-5.1.5.RELEASE.jar:5.1.5.RELEASE]
	at org.springframework.security.web.authentication.logout.LogoutFilter.doFilter(LogoutFilter.java:116) [spring-security-web-5.1.5.RELEASE.jar:5.1.5.RELEASE]
	at org.springframework.security.web.FilterChainProxy$VirtualFilterChain.doFilter(FilterChainProxy.java:334) [spring-security-web-5.1.5.RELEASE.jar:5.1.5.RELEASE]
	at org.springframework.web.filter.CorsFilter.doFilterInternal(CorsFilter.java:96) [spring-web-5.1.6.RELEASE.jar:5.1.6.RELEASE]
	at org.springframework.web.filter.OncePerRequestFilter.doFilter(OncePerRequestFilter.java:107) [spring-web-5.1.6.RELEASE.jar:5.1.6.RELEASE]
	at org.springframework.security.web.FilterChainProxy$VirtualFilterChain.doFilter(FilterChainProxy.java:334) [spring-security-web-5.1.5.RELEASE.jar:5.1.5.RELEASE]
	at org.springframework.security.web.header.HeaderWriterFilter.doFilterInternal(HeaderWriterFilter.java:74) [spring-security-web-5.1.5.RELEASE.jar:5.1.5.RELEASE]
	at org.springframework.web.filter.OncePerRequestFilter.doFilter(OncePerRequestFilter.java:107) [spring-web-5.1.6.RELEASE.jar:5.1.6.RELEASE]
	at org.springframework.security.web.FilterChainProxy$VirtualFilterChain.doFilter(FilterChainProxy.java:334) [spring-security-web-5.1.5.RELEASE.jar:5.1.5.RELEASE]
	at org.springframework.security.web.context.SecurityContextPersistenceFilter.doFilter(SecurityContextPersistenceFilter.java:105) [spring-security-web-5.1.5.RELEASE.jar:5.1.5.RELEASE]
	at org.springframework.security.web.FilterChainProxy$VirtualFilterChain.doFilter(FilterChainProxy.java:334) [spring-security-web-5.1.5.RELEASE.jar:5.1.5.RELEASE]
	at org.springframework.security.web.context.request.async.WebAsyncManagerIntegrationFilter.doFilterInternal(WebAsyncManagerIntegrationFilter.java:56) [spring-security-web-5.1.5.RELEASE.jar:5.1.5.RELEASE]
	at org.springframework.web.filter.OncePerRequestFilter.doFilter(OncePerRequestFilter.java:107) [spring-web-5.1.6.RELEASE.jar:5.1.6.RELEASE]
	at org.springframework.security.web.FilterChainProxy$VirtualFilterChain.doFilter(FilterChainProxy.java:334) [spring-security-web-5.1.5.RELEASE.jar:5.1.5.RELEASE]
	at org.springframework.security.web.FilterChainProxy.doFilterInternal(FilterChainProxy.java:215) [spring-security-web-5.1.5.RELEASE.jar:5.1.5.RELEASE]
	at org.springframework.security.web.FilterChainProxy.doFilter(FilterChainProxy.java:178) [spring-security-web-5.1.5.RELEASE.jar:5.1.5.RELEASE]
	at org.springframework.web.filter.DelegatingFilterProxy.invokeDelegate(DelegatingFilterProxy.java:357) [spring-web-5.1.6.RELEASE.jar:5.1.6.RELEASE]
	at org.springframework.web.filter.DelegatingFilterProxy.doFilter(DelegatingFilterProxy.java:270) [spring-web-5.1.6.RELEASE.jar:5.1.6.RELEASE]
	at org.apache.catalina.core.ApplicationFilterChain.internalDoFilter(ApplicationFilterChain.java:193) [tomcat-embed-core-9.0.17.jar:9.0.17]
	at org.apache.catalina.core.ApplicationFilterChain.doFilter(ApplicationFilterChain.java:166) [tomcat-embed-core-9.0.17.jar:9.0.17]
	at org.springframework.web.filter.RequestContextFilter.doFilterInternal(RequestContextFilter.java:99) [spring-web-5.1.6.RELEASE.jar:5.1.6.RELEASE]
	at org.springframework.web.filter.OncePerRequestFilter.doFilter(OncePerRequestFilter.java:107) [spring-web-5.1.6.RELEASE.jar:5.1.6.RELEASE]
	at org.apache.catalina.core.ApplicationFilterChain.internalDoFilter(ApplicationFilterChain.java:193) [tomcat-embed-core-9.0.17.jar:9.0.17]
	at org.apache.catalina.core.ApplicationFilterChain.doFilter(ApplicationFilterChain.java:166) [tomcat-embed-core-9.0.17.jar:9.0.17]
	at org.springframework.web.filter.FormContentFilter.doFilterInternal(FormContentFilter.java:92) [spring-web-5.1.6.RELEASE.jar:5.1.6.RELEASE]
	at org.springframework.web.filter.OncePerRequestFilter.doFilter(OncePerRequestFilter.java:107) [spring-web-5.1.6.RELEASE.jar:5.1.6.RELEASE]
	at org.apache.catalina.core.ApplicationFilterChain.internalDoFilter(ApplicationFilterChain.java:193) [tomcat-embed-core-9.0.17.jar:9.0.17]
	at org.apache.catalina.core.ApplicationFilterChain.doFilter(ApplicationFilterChain.java:166) [tomcat-embed-core-9.0.17.jar:9.0.17]
	at org.springframework.web.filter.HiddenHttpMethodFilter.doFilterInternal(HiddenHttpMethodFilter.java:93) [spring-web-5.1.6.RELEASE.jar:5.1.6.RELEASE]
	at org.springframework.web.filter.OncePerRequestFilter.doFilter(OncePerRequestFilter.java:107) [spring-web-5.1.6.RELEASE.jar:5.1.6.RELEASE]
	at org.apache.catalina.core.ApplicationFilterChain.internalDoFilter(ApplicationFilterChain.java:193) [tomcat-embed-core-9.0.17.jar:9.0.17]
	at org.apache.catalina.core.ApplicationFilterChain.doFilter(ApplicationFilterChain.java:166) [tomcat-embed-core-9.0.17.jar:9.0.17]
	at org.springframework.web.filter.CharacterEncodingFilter.doFilterInternal(CharacterEncodingFilter.java:200) [spring-web-5.1.6.RELEASE.jar:5.1.6.RELEASE]
	at org.springframework.web.filter.OncePerRequestFilter.doFilter(OncePerRequestFilter.java:107) [spring-web-5.1.6.RELEASE.jar:5.1.6.RELEASE]
	at org.apache.catalina.core.ApplicationFilterChain.internalDoFilter(ApplicationFilterChain.java:193) [tomcat-embed-core-9.0.17.jar:9.0.17]
	at org.apache.catalina.core.ApplicationFilterChain.doFilter(ApplicationFilterChain.java:166) [tomcat-embed-core-9.0.17.jar:9.0.17]
	at org.apache.catalina.core.StandardWrapperValve.invoke(StandardWrapperValve.java:200) [tomcat-embed-core-9.0.17.jar:9.0.17]
	at org.apache.catalina.core.StandardContextValve.invoke(StandardContextValve.java:96) [tomcat-embed-core-9.0.17.jar:9.0.17]
	at org.apache.catalina.authenticator.AuthenticatorBase.invoke(AuthenticatorBase.java:490) [tomcat-embed-core-9.0.17.jar:9.0.17]
	at org.apache.catalina.core.StandardHostValve.invoke(StandardHostValve.java:139) [tomcat-embed-core-9.0.17.jar:9.0.17]
	at org.apache.catalina.valves.ErrorReportValve.invoke(ErrorReportValve.java:92) [tomcat-embed-core-9.0.17.jar:9.0.17]
	at org.apache.catalina.core.StandardEngineValve.invoke(StandardEngineValve.java:74) [tomcat-embed-core-9.0.17.jar:9.0.17]
	at org.apache.catalina.connector.CoyoteAdapter.service(CoyoteAdapter.java:343) [tomcat-embed-core-9.0.17.jar:9.0.17]
	at org.apache.coyote.http11.Http11Processor.service(Http11Processor.java:408) [tomcat-embed-core-9.0.17.jar:9.0.17]
	at org.apache.coyote.AbstractProcessorLight.process(AbstractProcessorLight.java:66) [tomcat-embed-core-9.0.17.jar:9.0.17]
	at org.apache.coyote.AbstractProtocol$ConnectionHandler.process(AbstractProtocol.java:834) [tomcat-embed-core-9.0.17.jar:9.0.17]
	at org.apache.tomcat.util.net.NioEndpoint$SocketProcessor.doRun(NioEndpoint.java:1415) [tomcat-embed-core-9.0.17.jar:9.0.17]
	at org.apache.tomcat.util.net.SocketProcessorBase.run(SocketProcessorBase.java:49) [tomcat-embed-core-9.0.17.jar:9.0.17]
	at java.util.concurrent.ThreadPoolExecutor.runWorker(ThreadPoolExecutor.java:1149) [na:1.8.0_291]
	at java.util.concurrent.ThreadPoolExecutor$Worker.run(ThreadPoolExecutor.java:624) [na:1.8.0_291]
	at org.apache.tomcat.util.threads.TaskThread$WrappingRunnable.run(TaskThread.java:61) [tomcat-embed-core-9.0.17.jar:9.0.17]
	at java.lang.Thread.run(Thread.java:748) [na:1.8.0_291]

2021-05-24 01:39:47.757 ERROR 50485 --- [http-nio-8084-exec-9] o.a.c.c.C.[.[.[/].[dispatcherServlet]    : Servlet.service() for servlet [dispatcherServlet] in context with path [] threw exception [Failed to handle PhaseOperation [org.ocpsoft.rewrite.faces.config.PhaseOperation$DeferredOperation@21931ff0]] with root cause

java.lang.NullPointerException: null
	at tn.esprit.spring.controller.FavoriLouerController.loadData(FavoriLouerController.java:42) ~[classes/:na]
	at tn.esprit.spring.controller.FavoriLouerController$$FastClassBySpringCGLIB$$1d0ed540.invoke(<generated>) ~[classes/:na]
	at org.springframework.cglib.proxy.MethodProxy.invoke(MethodProxy.java:218) ~[spring-core-5.1.6.RELEASE.jar:5.1.6.RELEASE]
	at org.springframework.aop.framework.CglibAopProxy$DynamicAdvisedInterceptor.intercept(CglibAopProxy.java:684) ~[spring-aop-5.1.6.RELEASE.jar:5.1.6.RELEASE]
	at tn.esprit.spring.controller.FavoriLouerController$$EnhancerBySpringCGLIB$$f40b7640.loadData(<generated>) ~[classes/:na]
	at sun.reflect.NativeMethodAccessorImpl.invoke0(Native Method) ~[na:1.8.0_291]
	at sun.reflect.NativeMethodAccessorImpl.invoke(NativeMethodAccessorImpl.java:62) ~[na:1.8.0_291]
	at sun.reflect.DelegatingMethodAccessorImpl.invoke(DelegatingMethodAccessorImpl.java:43) ~[na:1.8.0_291]
	at java.lang.reflect.Method.invoke(Method.java:498) ~[na:1.8.0_291]
	at org.apache.el.parser.AstValue.invoke(AstValue.java:247) ~[tomcat-embed-el-9.0.17.jar:9.0.17]
	at org.apache.el.MethodExpressionImpl.invoke(MethodExpressionImpl.java:267) ~[tomcat-embed-el-9.0.17.jar:9.0.17]
	at org.ocpsoft.rewrite.faces.FacesExpressionLanguageProvider.evaluateMethodExpression(FacesExpressionLanguageProvider.java:116) ~[rewrite-integration-faces-3.4.1.Final.jar:3.4.1.Final]
	at org.ocpsoft.rewrite.faces.FacesExpressionLanguageProvider.evaluateMethodExpression(FacesExpressionLanguageProvider.java:104) ~[rewrite-integration-faces-3.4.1.Final.jar:3.4.1.Final]
	at org.ocpsoft.rewrite.el.El$ElMethod$1.call(El.java:215) ~[rewrite-servlet-3.4.1.Final.jar:3.4.1.Final]
	at org.ocpsoft.rewrite.el.El.executeProviderCallable(El.java:171) ~[rewrite-servlet-3.4.1.Final.jar:3.4.1.Final]
	at org.ocpsoft.rewrite.el.El.access$100(El.java:40) ~[rewrite-servlet-3.4.1.Final.jar:3.4.1.Final]
	at org.ocpsoft.rewrite.el.El$ElMethod.retrieve(El.java:210) ~[rewrite-servlet-3.4.1.Final.jar:3.4.1.Final]
	at org.ocpsoft.rewrite.config.Invoke.perform(Invoke.java:52) ~[rewrite-servlet-3.4.1.Final.jar:3.4.1.Final]
	at org.ocpsoft.rewrite.faces.annotation.config.IgnorePostbackOperation.perform(IgnorePostbackOperation.java:56) ~[rewrite-integration-faces-3.4.1.Final.jar:3.4.1.Final]
	at org.ocpsoft.rewrite.faces.config.PhaseOperation$1.performOperation(PhaseOperation.java:80) ~[rewrite-integration-faces-3.4.1.Final.jar:3.4.1.Final]
	at org.ocpsoft.rewrite.faces.RewritePhaseListener$1.performInSubflow(RewritePhaseListener.java:134) ~[rewrite-integration-faces-3.4.1.Final.jar:3.4.1.Final]
	at org.ocpsoft.rewrite.servlet.event.SubflowTask.perform(SubflowTask.java:61) ~[rewrite-servlet-3.4.1.Final.jar:3.4.1.Final]
	at org.ocpsoft.rewrite.faces.RewritePhaseListener.handlePhaseOperation(RewritePhaseListener.java:127) ~[rewrite-integration-faces-3.4.1.Final.jar:3.4.1.Final]
	at org.ocpsoft.rewrite.faces.RewritePhaseListener.handleAfterPhaseOperations(RewritePhaseListener.java:110) ~[rewrite-integration-faces-3.4.1.Final.jar:3.4.1.Final]
	at org.ocpsoft.rewrite.faces.RewritePhaseListener.afterPhase(RewritePhaseListener.java:64) ~[rewrite-integration-faces-3.4.1.Final.jar:3.4.1.Final]
	at org.apache.myfaces.lifecycle.PhaseListenerManager.informPhaseListenersAfter(PhaseListenerManager.java:117) ~[myfaces-impl-2.2.12.jar:2.2.12]
	at org.apache.myfaces.lifecycle.LifecycleImpl.executePhase(LifecycleImpl.java:211) ~[myfaces-impl-2.2.12.jar:2.2.12]
	at org.apache.myfaces.lifecycle.LifecycleImpl.execute(LifecycleImpl.java:143) ~[myfaces-impl-2.2.12.jar:2.2.12]
	at javax.faces.webapp.FacesServlet.service(FacesServlet.java:198) ~[myfaces-api-2.2.12.jar:2.2.12]
	at org.apache.catalina.core.ApplicationFilterChain.internalDoFilter(ApplicationFilterChain.java:231) ~[tomcat-embed-core-9.0.17.jar:9.0.17]
	at org.apache.catalina.core.ApplicationFilterChain.doFilter(ApplicationFilterChain.java:166) ~[tomcat-embed-core-9.0.17.jar:9.0.17]
	at org.apache.tomcat.websocket.server.WsFilter.doFilter(WsFilter.java:53) ~[tomcat-embed-websocket-9.0.17.jar:9.0.17]
	at org.apache.catalina.core.ApplicationFilterChain.internalDoFilter(ApplicationFilterChain.java:193) ~[tomcat-embed-core-9.0.17.jar:9.0.17]
	at org.apache.catalina.core.ApplicationFilterChain.doFilter(ApplicationFilterChain.java:166) ~[tomcat-embed-core-9.0.17.jar:9.0.17]
	at org.ocpsoft.rewrite.servlet.RewriteFilter.doFilter(RewriteFilter.java:226) ~[rewrite-servlet-3.4.1.Final.jar:3.4.1.Final]
	at org.apache.catalina.core.ApplicationFilterChain.internalDoFilter(ApplicationFilterChain.java:193) ~[tomcat-embed-core-9.0.17.jar:9.0.17]
	at org.apache.catalina.core.ApplicationFilterChain.doFilter(ApplicationFilterChain.java:166) ~[tomcat-embed-core-9.0.17.jar:9.0.17]
	at org.apache.catalina.core.ApplicationDispatcher.invoke(ApplicationDispatcher.java:712) ~[tomcat-embed-core-9.0.17.jar:9.0.17]
	at org.apache.catalina.core.ApplicationDispatcher.processRequest(ApplicationDispatcher.java:459) ~[tomcat-embed-core-9.0.17.jar:9.0.17]
	at org.apache.catalina.core.ApplicationDispatcher.doForward(ApplicationDispatcher.java:384) ~[tomcat-embed-core-9.0.17.jar:9.0.17]
	at org.apache.catalina.core.ApplicationDispatcher.forward(ApplicationDispatcher.java:312) ~[tomcat-embed-core-9.0.17.jar:9.0.17]
	at org.springframework.security.web.header.HeaderWriterFilter$HeaderWriterRequestDispatcher.forward(HeaderWriterFilter.java:143) ~[spring-security-web-5.1.5.RELEASE.jar:5.1.5.RELEASE]
	at org.ocpsoft.rewrite.servlet.impl.HttpRewriteResultHandler.handleResult(HttpRewriteResultHandler.java:42) ~[rewrite-servlet-3.4.1.Final.jar:3.4.1.Final]
	at org.ocpsoft.rewrite.servlet.RewriteFilter.rewrite(RewriteFilter.java:297) ~[rewrite-servlet-3.4.1.Final.jar:3.4.1.Final]
	at org.ocpsoft.rewrite.servlet.RewriteFilter.doFilter(RewriteFilter.java:198) ~[rewrite-servlet-3.4.1.Final.jar:3.4.1.Final]
	at org.apache.catalina.core.ApplicationFilterChain.internalDoFilter(ApplicationFilterChain.java:193) ~[tomcat-embed-core-9.0.17.jar:9.0.17]
	at org.apache.catalina.core.ApplicationFilterChain.doFilter(ApplicationFilterChain.java:166) ~[tomcat-embed-core-9.0.17.jar:9.0.17]
	at org.springframework.security.web.FilterChainProxy$VirtualFilterChain.doFilter(FilterChainProxy.java:320) ~[spring-security-web-5.1.5.RELEASE.jar:5.1.5.RELEASE]
	at org.springframework.security.web.access.intercept.FilterSecurityInterceptor.invoke(FilterSecurityInterceptor.java:127) ~[spring-security-web-5.1.5.RELEASE.jar:5.1.5.RELEASE]
	at org.springframework.security.web.access.intercept.FilterSecurityInterceptor.doFilter(FilterSecurityInterceptor.java:91) ~[spring-security-web-5.1.5.RELEASE.jar:5.1.5.RELEASE]
	at org.springframework.security.web.FilterChainProxy$VirtualFilterChain.doFilter(FilterChainProxy.java:334) ~[spring-security-web-5.1.5.RELEASE.jar:5.1.5.RELEASE]
	at org.springframework.security.web.access.ExceptionTranslationFilter.doFilter(ExceptionTranslationFilter.java:119) ~[spring-security-web-5.1.5.RELEASE.jar:5.1.5.RELEASE]
	at org.springframework.security.web.FilterChainProxy$VirtualFilterChain.doFilter(FilterChainProxy.java:334) ~[spring-security-web-5.1.5.RELEASE.jar:5.1.5.RELEASE]
	at org.springframework.security.web.session.SessionManagementFilter.doFilter(SessionManagementFilter.java:137) ~[spring-security-web-5.1.5.RELEASE.jar:5.1.5.RELEASE]
	at org.springframework.security.web.FilterChainProxy$VirtualFilterChain.doFilter(FilterChainProxy.java:334) ~[spring-security-web-5.1.5.RELEASE.jar:5.1.5.RELEASE]
	at org.springframework.security.web.authentication.AnonymousAuthenticationFilter.doFilter(AnonymousAuthenticationFilter.java:111) ~[spring-security-web-5.1.5.RELEASE.jar:5.1.5.RELEASE]
	at org.springframework.security.web.FilterChainProxy$VirtualFilterChain.doFilter(FilterChainProxy.java:334) ~[spring-security-web-5.1.5.RELEASE.jar:5.1.5.RELEASE]
	at org.springframework.security.web.servletapi.SecurityContextHolderAwareRequestFilter.doFilter(SecurityContextHolderAwareRequestFilter.java:170) ~[spring-security-web-5.1.5.RELEASE.jar:5.1.5.RELEASE]
	at org.springframework.security.web.FilterChainProxy$VirtualFilterChain.doFilter(FilterChainProxy.java:334) ~[spring-security-web-5.1.5.RELEASE.jar:5.1.5.RELEASE]
	at org.springframework.security.web.savedrequest.RequestCacheAwareFilter.doFilter(RequestCacheAwareFilter.java:63) ~[spring-security-web-5.1.5.RELEASE.jar:5.1.5.RELEASE]
	at org.springframework.security.web.FilterChainProxy$VirtualFilterChain.doFilter(FilterChainProxy.java:334) ~[spring-security-web-5.1.5.RELEASE.jar:5.1.5.RELEASE]
	at org.springframework.security.web.authentication.AbstractAuthenticationProcessingFilter.doFilter(AbstractAuthenticationProcessingFilter.java:200) ~[spring-security-web-5.1.5.RELEASE.jar:5.1.5.RELEASE]
	at org.springframework.security.web.FilterChainProxy$VirtualFilterChain.doFilter(FilterChainProxy.java:334) ~[spring-security-web-5.1.5.RELEASE.jar:5.1.5.RELEASE]
	at tn.esprit.spring.Security.jwt.AuthTokenFilter.doFilterInternal(AuthTokenFilter.java:51) ~[classes/:na]
	at org.springframework.web.filter.OncePerRequestFilter.doFilter(OncePerRequestFilter.java:107) ~[spring-web-5.1.6.RELEASE.jar:5.1.6.RELEASE]
	at org.springframework.security.web.FilterChainProxy$VirtualFilterChain.doFilter(FilterChainProxy.java:334) ~[spring-security-web-5.1.5.RELEASE.jar:5.1.5.RELEASE]
	at org.springframework.security.web.authentication.logout.LogoutFilter.doFilter(LogoutFilter.java:116) ~[spring-security-web-5.1.5.RELEASE.jar:5.1.5.RELEASE]
	at org.springframework.security.web.FilterChainProxy$VirtualFilterChain.doFilter(FilterChainProxy.java:334) ~[spring-security-web-5.1.5.RELEASE.jar:5.1.5.RELEASE]
	at org.springframework.web.filter.CorsFilter.doFilterInternal(CorsFilter.java:96) ~[spring-web-5.1.6.RELEASE.jar:5.1.6.RELEASE]
	at org.springframework.web.filter.OncePerRequestFilter.doFilter(OncePerRequestFilter.java:107) ~[spring-web-5.1.6.RELEASE.jar:5.1.6.RELEASE]
	at org.springframework.security.web.FilterChainProxy$VirtualFilterChain.doFilter(FilterChainProxy.java:334) ~[spring-security-web-5.1.5.RELEASE.jar:5.1.5.RELEASE]
	at org.springframework.security.web.header.HeaderWriterFilter.doFilterInternal(HeaderWriterFilter.java:74) ~[spring-security-web-5.1.5.RELEASE.jar:5.1.5.RELEASE]
	at org.springframework.web.filter.OncePerRequestFilter.doFilter(OncePerRequestFilter.java:107) ~[spring-web-5.1.6.RELEASE.jar:5.1.6.RELEASE]
	at org.springframework.security.web.FilterChainProxy$VirtualFilterChain.doFilter(FilterChainProxy.java:334) ~[spring-security-web-5.1.5.RELEASE.jar:5.1.5.RELEASE]
	at org.springframework.security.web.context.SecurityContextPersistenceFilter.doFilter(SecurityContextPersistenceFilter.java:105) ~[spring-security-web-5.1.5.RELEASE.jar:5.1.5.RELEASE]
	at org.springframework.security.web.FilterChainProxy$VirtualFilterChain.doFilter(FilterChainProxy.java:334) ~[spring-security-web-5.1.5.RELEASE.jar:5.1.5.RELEASE]
	at org.springframework.security.web.context.request.async.WebAsyncManagerIntegrationFilter.doFilterInternal(WebAsyncManagerIntegrationFilter.java:56) ~[spring-security-web-5.1.5.RELEASE.jar:5.1.5.RELEASE]
	at org.springframework.web.filter.OncePerRequestFilter.doFilter(OncePerRequestFilter.java:107) ~[spring-web-5.1.6.RELEASE.jar:5.1.6.RELEASE]
	at org.springframework.security.web.FilterChainProxy$VirtualFilterChain.doFilter(FilterChainProxy.java:334) ~[spring-security-web-5.1.5.RELEASE.jar:5.1.5.RELEASE]
	at org.springframework.security.web.FilterChainProxy.doFilterInternal(FilterChainProxy.java:215) ~[spring-security-web-5.1.5.RELEASE.jar:5.1.5.RELEASE]
	at org.springframework.security.web.FilterChainProxy.doFilter(FilterChainProxy.java:178) ~[spring-security-web-5.1.5.RELEASE.jar:5.1.5.RELEASE]
	at org.springframework.web.filter.DelegatingFilterProxy.invokeDelegate(DelegatingFilterProxy.java:357) ~[spring-web-5.1.6.RELEASE.jar:5.1.6.RELEASE]
	at org.springframework.web.filter.DelegatingFilterProxy.doFilter(DelegatingFilterProxy.java:270) ~[spring-web-5.1.6.RELEASE.jar:5.1.6.RELEASE]
	at org.apache.catalina.core.ApplicationFilterChain.internalDoFilter(ApplicationFilterChain.java:193) ~[tomcat-embed-core-9.0.17.jar:9.0.17]
	at org.apache.catalina.core.ApplicationFilterChain.doFilter(ApplicationFilterChain.java:166) ~[tomcat-embed-core-9.0.17.jar:9.0.17]
	at org.springframework.web.filter.RequestContextFilter.doFilterInternal(RequestContextFilter.java:99) ~[spring-web-5.1.6.RELEASE.jar:5.1.6.RELEASE]
	at org.springframework.web.filter.OncePerRequestFilter.doFilter(OncePerRequestFilter.java:107) ~[spring-web-5.1.6.RELEASE.jar:5.1.6.RELEASE]
	at org.apache.catalina.core.ApplicationFilterChain.internalDoFilter(ApplicationFilterChain.java:193) ~[tomcat-embed-core-9.0.17.jar:9.0.17]
	at org.apache.catalina.core.ApplicationFilterChain.doFilter(ApplicationFilterChain.java:166) ~[tomcat-embed-core-9.0.17.jar:9.0.17]
	at org.springframework.web.filter.FormContentFilter.doFilterInternal(FormContentFilter.java:92) ~[spring-web-5.1.6.RELEASE.jar:5.1.6.RELEASE]
	at org.springframework.web.filter.OncePerRequestFilter.doFilter(OncePerRequestFilter.java:107) ~[spring-web-5.1.6.RELEASE.jar:5.1.6.RELEASE]
	at org.apache.catalina.core.ApplicationFilterChain.internalDoFilter(ApplicationFilterChain.java:193) ~[tomcat-embed-core-9.0.17.jar:9.0.17]
	at org.apache.catalina.core.ApplicationFilterChain.doFilter(ApplicationFilterChain.java:166) ~[tomcat-embed-core-9.0.17.jar:9.0.17]
	at org.springframework.web.filter.HiddenHttpMethodFilter.doFilterInternal(HiddenHttpMethodFilter.java:93) ~[spring-web-5.1.6.RELEASE.jar:5.1.6.RELEASE]
	at org.springframework.web.filter.OncePerRequestFilter.doFilter(OncePerRequestFilter.java:107) ~[spring-web-5.1.6.RELEASE.jar:5.1.6.RELEASE]
	at org.apache.catalina.core.ApplicationFilterChain.internalDoFilter(ApplicationFilterChain.java:193) ~[tomcat-embed-core-9.0.17.jar:9.0.17]
	at org.apache.catalina.core.ApplicationFilterChain.doFilter(ApplicationFilterChain.java:166) ~[tomcat-embed-core-9.0.17.jar:9.0.17]
	at org.springframework.web.filter.CharacterEncodingFilter.doFilterInternal(CharacterEncodingFilter.java:200) ~[spring-web-5.1.6.RELEASE.jar:5.1.6.RELEASE]
	at org.springframework.web.filter.OncePerRequestFilter.doFilter(OncePerRequestFilter.java:107) ~[spring-web-5.1.6.RELEASE.jar:5.1.6.RELEASE]
	at org.apache.catalina.core.ApplicationFilterChain.internalDoFilter(ApplicationFilterChain.java:193) ~[tomcat-embed-core-9.0.17.jar:9.0.17]
	at org.apache.catalina.core.ApplicationFilterChain.doFilter(ApplicationFilterChain.java:166) ~[tomcat-embed-core-9.0.17.jar:9.0.17]
	at org.apache.catalina.core.StandardWrapperValve.invoke(StandardWrapperValve.java:200) ~[tomcat-embed-core-9.0.17.jar:9.0.17]
	at org.apache.catalina.core.StandardContextValve.invoke(StandardContextValve.java:96) [tomcat-embed-core-9.0.17.jar:9.0.17]
	at org.apache.catalina.authenticator.AuthenticatorBase.invoke(AuthenticatorBase.java:490) [tomcat-embed-core-9.0.17.jar:9.0.17]
	at org.apache.catalina.core.StandardHostValve.invoke(StandardHostValve.java:139) [tomcat-embed-core-9.0.17.jar:9.0.17]
	at org.apache.catalina.valves.ErrorReportValve.invoke(ErrorReportValve.java:92) [tomcat-embed-core-9.0.17.jar:9.0.17]
	at org.apache.catalina.core.StandardEngineValve.invoke(StandardEngineValve.java:74) [tomcat-embed-core-9.0.17.jar:9.0.17]
	at org.apache.catalina.connector.CoyoteAdapter.service(CoyoteAdapter.java:343) [tomcat-embed-core-9.0.17.jar:9.0.17]
	at org.apache.coyote.http11.Http11Processor.service(Http11Processor.java:408) [tomcat-embed-core-9.0.17.jar:9.0.17]
	at org.apache.coyote.AbstractProcessorLight.process(AbstractProcessorLight.java:66) [tomcat-embed-core-9.0.17.jar:9.0.17]
	at org.apache.coyote.AbstractProtocol$ConnectionHandler.process(AbstractProtocol.java:834) [tomcat-embed-core-9.0.17.jar:9.0.17]
	at org.apache.tomcat.util.net.NioEndpoint$SocketProcessor.doRun(NioEndpoint.java:1415) [tomcat-embed-core-9.0.17.jar:9.0.17]
	at org.apache.tomcat.util.net.SocketProcessorBase.run(SocketProcessorBase.java:49) [tomcat-embed-core-9.0.17.jar:9.0.17]
	at java.util.concurrent.ThreadPoolExecutor.runWorker(ThreadPoolExecutor.java:1149) [na:1.8.0_291]
	at java.util.concurrent.ThreadPoolExecutor$Worker.run(ThreadPoolExecutor.java:624) [na:1.8.0_291]
	at org.apache.tomcat.util.threads.TaskThread$WrappingRunnable.run(TaskThread.java:61) [tomcat-embed-core-9.0.17.jar:9.0.17]
	at java.lang.Thread.run(Thread.java:748) [na:1.8.0_291]

2021-05-24 01:39:50.298  WARN 50485 --- [http-nio-8084-exec-7] o.a.m.r.html.HtmlStylesheetRenderer      : Resource referenced by resourceName plugins/fontawesome-free-5.0.1/cssfontawesome-all.css and libraryName acceuil not found in call to ResourceHandler.createResource. It will be silenty ignored.
2021-05-24 01:39:55.732  WARN 50485 --- [http-nio-8084-exec-3] o.a.m.r.html.HtmlStylesheetRenderer      : Resource referenced by resourceName plugins/fontawesome-free-5.0.1/cssfontawesome-all.css and libraryName acceuil not found in call to ResourceHandler.createResource. It will be silenty ignored.
2021-05-24 01:39:57.512  WARN 50485 --- [http-nio-8084-exec-10] o.a.m.r.html.HtmlStylesheetRenderer      : Resource referenced by resourceName plugins/fontawesome-free-5.0.1/cssfontawesome-all.css and libraryName acceuil not found in call to ResourceHandler.createResource. It will be silenty ignored.
2021-05-24 01:40:01.978  WARN 50485 --- [http-nio-8084-exec-8] o.a.m.r.html.HtmlStylesheetRenderer      : Resource referenced by resourceName plugins/fontawesome-free-5.0.1/cssfontawesome-all.css and libraryName acceuil not found in call to ResourceHandler.createResource. It will be silenty ignored.
2021-05-24 01:40:03.022  WARN 50485 --- [http-nio-8084-exec-3] o.a.m.r.html.HtmlStylesheetRenderer      : Resource referenced by resourceName plugins/fontawesome-free-5.0.1/cssfontawesome-all.css and libraryName acceuil not found in call to ResourceHandler.createResource. It will be silenty ignored.
2021-05-24 01:40:04.488  WARN 50485 --- [http-nio-8084-exec-3] o.a.m.r.html.HtmlStylesheetRenderer      : Resource referenced by resourceName plugins/fontawesome-free-5.0.1/cssfontawesome-all.css and libraryName acceuil not found in call to ResourceHandler.createResource. It will be silenty ignored.
2021-05-24 01:40:37.341  INFO 50485 --- [Thread-20] o.s.s.c.ThreadPoolTaskScheduler          : Shutting down ExecutorService 'taskScheduler'
2021-05-24 01:40:37.341  INFO 50485 --- [Thread-20] o.s.s.concurrent.ThreadPoolTaskExecutor  : Shutting down ExecutorService 'applicationTaskExecutor'
2021-05-24 01:40:37.345  INFO 50485 --- [Thread-20] j.LocalContainerEntityManagerFactoryBean : Closing JPA EntityManagerFactory for persistence unit 'default'
2021-05-24 01:40:37.348  INFO 50485 --- [Thread-20] com.zaxxer.hikari.HikariDataSource       : HikariPool-1 - Shutdown initiated...
2021-05-24 01:40:37.350  INFO 50485 --- [Thread-20] com.zaxxer.hikari.HikariDataSource       : HikariPool-1 - Shutdown completed.
